e:\aiv\sdlcmemes\1945\build\sdlapp.dir\debug\vc141.pdb
e:\aiv\sdlcmemes\1945\build\sdlapp.dir\debug\main.obj
e:\aiv\sdlcmemes\1945\build\sdlapp.dir\debug\vec2.obj
e:\aiv\sdlcmemes\1945\build\sdlapp.dir\debug\sprite.obj
e:\aiv\sdlcmemes\1945\build\sdlapp.dir\debug\scene.obj
e:\aiv\sdlcmemes\1945\build\sdlapp.dir\debug\rigidbody.obj
e:\aiv\sdlcmemes\1945\build\sdlapp.dir\debug\managers.obj
e:\aiv\sdlcmemes\1945\build\sdlapp.dir\debug\gameobject.obj
e:\aiv\sdlcmemes\1945\build\sdlapp.dir\debug\game.obj
e:\aiv\sdlcmemes\1945\build\sdlapp.dir\debug\animator.obj
e:\aiv\sdlcmemes\1945\build\sdlapp.dir\debug\test_component.obj
e:\aiv\sdlcmemes\1945\build\sdlapp.dir\debug\player_shooting_component.obj
e:\aiv\sdlcmemes\1945\build\sdlapp.dir\debug\player_movement_component.obj
e:\aiv\sdlcmemes\1945\build\sdlapp.dir\debug\lives_handler_component.obj
e:\aiv\sdlcmemes\1945\build\sdlapp.dir\debug\enemy_spawn_component.obj
e:\aiv\sdlcmemes\1945\build\sdlapp.dir\debug\enemy_behaviour_component.obj
e:\aiv\sdlcmemes\1945\build\sdlapp.dir\debug\bullet_behaviour_component.obj
e:\aiv\sdlcmemes\1945\build\sdlapp.dir\debug\background_component.obj
e:\aiv\sdlcmemes\1945\build\sdlapp.dir\debug\aiv-vector.obj
e:\aiv\sdlcmemes\1945\build\sdlapp.dir\debug\aiv-list.obj
e:\aiv\sdlcmemes\1945\build\sdlapp.dir\debug\aiv-dictionary.obj
e:\aiv\sdlcmemes\1945\build\cmakefiles\generate.stamp
e:\aiv\sdlcmemes\1945\build\debug\sdlapp.ilk
e:\aiv\sdlcmemes\1945\build\debug\sdlapp.exe
e:\aiv\sdlcmemes\1945\build\debug\sdlapp.pdb
e:\aiv\sdlcmemes\1945\build\debug\sdl2_image.dll
e:\aiv\sdlcmemes\1945\build\debug\sdl2d.dll
e:\aiv\sdlcmemes\1945\build\debug\libpng16d.dll
e:\aiv\sdlcmemes\1945\build\debug\zlibd1.dll
e:\aiv\sdlcmemes\1945\build\sdlapp.dir\debug\sdlapp.tlog\cl.command.1.tlog
e:\aiv\sdlcmemes\1945\build\sdlapp.dir\debug\sdlapp.tlog\cl.read.1.tlog
e:\aiv\sdlcmemes\1945\build\sdlapp.dir\debug\sdlapp.tlog\cl.write.1.tlog
e:\aiv\sdlcmemes\1945\build\sdlapp.dir\debug\sdlapp.tlog\custombuild.command.1.tlog
e:\aiv\sdlcmemes\1945\build\sdlapp.dir\debug\sdlapp.tlog\custombuild.read.1.tlog
e:\aiv\sdlcmemes\1945\build\sdlapp.dir\debug\sdlapp.tlog\custombuild.write.1.tlog
e:\aiv\sdlcmemes\1945\build\sdlapp.dir\debug\sdlapp.tlog\link.command.1.tlog
e:\aiv\sdlcmemes\1945\build\sdlapp.dir\debug\sdlapp.tlog\link.read.1.tlog
e:\aiv\sdlcmemes\1945\build\sdlapp.dir\debug\sdlapp.tlog\link.write.1.tlog
e:\aiv\sdlcmemes\1945\build\sdlapp.dir\debug\sdlapp.tlog\sdlapp.write.1u.tlog
